  Compiling CUDA source file kernel.cu...
  
  C:\Users\Arthur\Documents\projects\cudart\CudaRT>"C:\Program Files\NVIDIA GPU Computing Toolkit\CUDA\v12.4\bin\nvcc.exe" -gencode=arch=compute_52,code=\"sm_52,compute_52\" --use-local-env -ccbin "C:\Program Files\Microsoft Visual Studio\2022\Community\VC\Tools\MSVC\14.36.32532\bin\HostX64\x64" -x cu   -IC:\Users\Arthur\Documents\projects\cudart\CudaRT\vendor\SDL\include -I"C:\Program Files\NVIDIA GPU Computing Toolkit\CUDA\v12.4\include" -I"C:\Program Files\NVIDIA GPU Computing Toolkit\CUDA\v12.4\include"  -G   --keep-dir CudaRT\x64\Debug  -maxrregcount=0   --machine 64 --compile -cudart static  -g  -DWIN32 -DWIN64 -D_DEBUG -D_CONSOLE -D_MBCS -Xcompiler "/EHsc /W3 /nologo /Od /FS /Zi /RTC1 /MDd " -Xcompiler "/FdCudaRT\x64\Debug\vc143.pdb" -o C:\Users\Arthur\Documents\projects\cudart\CudaRT\CudaRT\x64\Debug\kernel.cu.obj "C:\Users\Arthur\Documents\projects\cudart\CudaRT\kernel.cu" 
C:\Users\Arthur\Documents\projects\cudart\CudaRT\math.h(29): warning #940-D: missing return statement at end of non-void function "random_float(curandState *, float, float)"
    }
    ^
  
  Remark: The warnings can be suppressed with "-diag-suppress <warning-number>"
  
C:\Users\Arthur\Documents\projects\cudart\CudaRT\material.h(120): warning #940-D: missing return statement at end of non-void function "Material::scatter"
        }
        ^
  
C:\Users\Arthur\Documents\projects\cudart\CudaRT\kernel.cu(141): warning #177-D: variable "fb_size" was declared but never referenced
        size_t fb_size = num_pixels * sizeof(vec3);
               ^
  
C:\Users\Arthur\Documents\projects\cudart\CudaRT\math.h(14): warning #940-D: missing return statement at end of non-void function "lerp(T, T, float) [with T=vec3]"
    }
    ^
            detected during instantiation of "T lerp(T, T, float) [with T=vec3]" at line 41 of C:\Users\Arthur\Documents\projects\cudart\CudaRT\kernel.cu
  
  kernel.cu
  tmpxft_00008d18_00000000-7_kernel.cudafe1.cpp
C:\Users\Arthur\Documents\projects\cudart\CudaRT\vec3.h(60): warning C4244: 'initializing': conversion from 'double' to 'float', possible loss of data
C:\Users\Arthur\Documents\projects\cudart\CudaRT\vec3.h(139): warning C4244: 'initializing': conversion from 'double' to 'float', possible loss of data
  CudaRT.vcxproj -> C:\Users\Arthur\Documents\projects\cudart\CudaRT\x64\Debug\CudaRT.exe
